2019-07-18 15:56:13,800 INFO [org.springframework.test.context.support.DefaultTestContextBootstrapper] - Loaded default TestExecutionListener class names from location [META-INF/spring.factories]: [org.springframework.test.context.web.ServletTestExecutionListener, org.springframework.test.context.support.DirtiesContextBeforeModesTestExecutionListener, org.springframework.test.context.support.DependencyInjectionTestExecutionListener, org.springframework.test.context.support.DirtiesContextTestExecutionListener, org.springframework.test.context.transaction.TransactionalTestExecutionListener, org.springframework.test.context.jdbc.SqlScriptsTestExecutionListener]
2019-07-18 15:56:13,814 INFO [org.springframework.test.context.support.DefaultTestContextBootstrapper] - Using TestExecutionListeners: [org.springframework.test.context.web.ServletTestExecutionListener@d2cc05a, org.springframework.test.context.support.DirtiesContextBeforeModesTestExecutionListener@4f933fd1, org.springframework.test.context.support.DependencyInjectionTestExecutionListener@548a9f61, org.springframework.test.context.support.DirtiesContextTestExecutionListener@1753acfe, org.springframework.test.context.transaction.TransactionalTestExecutionListener@7c16905e, org.springframework.test.context.jdbc.SqlScriptsTestExecutionListener@2a2d45ba]
2019-07-18 15:56:13,867 INFO [org.springframework.beans.factory.xml.XmlBeanDefinitionReader] - Loading XML bean definitions from class path resource [spring-context.xml]
2019-07-18 15:56:14,020 INFO [org.springframework.beans.factory.xml.XmlBeanDefinitionReader] - Loading XML bean definitions from class path resource [spring-context-druid.xml]
2019-07-18 15:56:14,046 INFO [org.springframework.beans.factory.xml.XmlBeanDefinitionReader] - Loading XML bean definitions from class path resource [spring-context-mybatis.xml]
2019-07-18 15:56:14,061 INFO [org.springframework.context.support.GenericApplicationContext] - Refreshing org.springframework.context.support.GenericApplicationContext@56ac3a89: startup date [Thu Jul 18 15:56:14 CST 2019]; root of context hierarchy
2019-07-18 15:56:14,636 INFO [com.alibaba.druid.pool.DruidDataSource] - {dataSource-1} inited
2019-07-18 15:56:14,896 INFO [org.springframework.context.support.GenericApplicationContext] - Closing org.springframework.context.support.GenericApplicationContext@56ac3a89: startup date [Thu Jul 18 15:56:14 CST 2019]; root of context hierarchy
2019-07-18 15:56:14,899 INFO [com.alibaba.druid.pool.DruidDataSource] - {dataSource-1} closed
2019-07-18 16:15:53,842 INFO [org.springframework.test.context.support.DefaultTestContextBootstrapper] - Loaded default TestExecutionListener class names from location [META-INF/spring.factories]: [org.springframework.test.context.web.ServletTestExecutionListener, org.springframework.test.context.support.DirtiesContextBeforeModesTestExecutionListener, org.springframework.test.context.support.DependencyInjectionTestExecutionListener, org.springframework.test.context.support.DirtiesContextTestExecutionListener, org.springframework.test.context.transaction.TransactionalTestExecutionListener, org.springframework.test.context.jdbc.SqlScriptsTestExecutionListener]
2019-07-18 16:15:53,855 INFO [org.springframework.test.context.support.DefaultTestContextBootstrapper] - Using TestExecutionListeners: [org.springframework.test.context.web.ServletTestExecutionListener@d2cc05a, org.springframework.test.context.support.DirtiesContextBeforeModesTestExecutionListener@4f933fd1, org.springframework.test.context.support.DependencyInjectionTestExecutionListener@548a9f61, org.springframework.test.context.support.DirtiesContextTestExecutionListener@1753acfe, org.springframework.test.context.transaction.TransactionalTestExecutionListener@7c16905e, org.springframework.test.context.jdbc.SqlScriptsTestExecutionListener@2a2d45ba]
2019-07-18 16:15:53,908 INFO [org.springframework.beans.factory.xml.XmlBeanDefinitionReader] - Loading XML bean definitions from class path resource [spring-context.xml]
2019-07-18 16:15:54,054 INFO [org.springframework.beans.factory.xml.XmlBeanDefinitionReader] - Loading XML bean definitions from class path resource [spring-context-druid.xml]
2019-07-18 16:15:54,078 INFO [org.springframework.beans.factory.xml.XmlBeanDefinitionReader] - Loading XML bean definitions from class path resource [spring-context-mybatis.xml]
2019-07-18 16:15:54,091 INFO [org.springframework.context.support.GenericApplicationContext] - Refreshing org.springframework.context.support.GenericApplicationContext@56ac3a89: startup date [Thu Jul 18 16:15:54 CST 2019]; root of context hierarchy
2019-07-18 16:15:54,671 INFO [com.alibaba.druid.pool.DruidDataSource] - {dataSource-1} inited
2019-07-18 16:15:54,969 INFO [org.springframework.context.support.GenericApplicationContext] - Closing org.springframework.context.support.GenericApplicationContext@56ac3a89: startup date [Thu Jul 18 16:15:54 CST 2019]; root of context hierarchy
2019-07-18 16:15:54,972 INFO [com.alibaba.druid.pool.DruidDataSource] - {dataSource-1} closed
2019-07-18 16:16:54,058 INFO [org.springframework.test.context.support.DefaultTestContextBootstrapper] - Loaded default TestExecutionListener class names from location [META-INF/spring.factories]: [org.springframework.test.context.web.ServletTestExecutionListener, org.springframework.test.context.support.DirtiesContextBeforeModesTestExecutionListener, org.springframework.test.context.support.DependencyInjectionTestExecutionListener, org.springframework.test.context.support.DirtiesContextTestExecutionListener, org.springframework.test.context.transaction.TransactionalTestExecutionListener, org.springframework.test.context.jdbc.SqlScriptsTestExecutionListener]
2019-07-18 16:16:54,072 INFO [org.springframework.test.context.support.DefaultTestContextBootstrapper] - Using TestExecutionListeners: [org.springframework.test.context.web.ServletTestExecutionListener@4f933fd1, org.springframework.test.context.support.DirtiesContextBeforeModesTestExecutionListener@548a9f61, org.springframework.test.context.support.DependencyInjectionTestExecutionListener@1753acfe, org.springframework.test.context.support.DirtiesContextTestExecutionListener@7c16905e, org.springframework.test.context.transaction.TransactionalTestExecutionListener@2a2d45ba, org.springframework.test.context.jdbc.SqlScriptsTestExecutionListener@2a5ca609]
2019-07-18 16:16:54,122 INFO [org.springframework.beans.factory.xml.XmlBeanDefinitionReader] - Loading XML bean definitions from class path resource [spring-context.xml]
2019-07-18 16:16:54,256 INFO [org.springframework.beans.factory.xml.XmlBeanDefinitionReader] - Loading XML bean definitions from class path resource [spring-context-druid.xml]
2019-07-18 16:16:54,282 INFO [org.springframework.beans.factory.xml.XmlBeanDefinitionReader] - Loading XML bean definitions from class path resource [spring-context-mybatis.xml]
2019-07-18 16:16:54,301 INFO [org.springframework.context.support.GenericApplicationContext] - Refreshing org.springframework.context.support.GenericApplicationContext@27c20538: startup date [Thu Jul 18 16:16:54 CST 2019]; root of context hierarchy
2019-07-18 16:16:54,879 INFO [com.alibaba.druid.pool.DruidDataSource] - {dataSource-1} inited
2019-07-18 16:16:55,127 INFO [org.springframework.context.support.GenericApplicationContext] - Closing org.springframework.context.support.GenericApplicationContext@27c20538: startup date [Thu Jul 18 16:16:54 CST 2019]; root of context hierarchy
2019-07-18 16:16:55,130 INFO [com.alibaba.druid.pool.DruidDataSource] - {dataSource-1} closed
2019-07-18 16:19:08,198 INFO [org.springframework.test.context.support.DefaultTestContextBootstrapper] - Loaded default TestExecutionListener class names from location [META-INF/spring.factories]: [org.springframework.test.context.web.ServletTestExecutionListener, org.springframework.test.context.support.DirtiesContextBeforeModesTestExecutionListener, org.springframework.test.context.support.DependencyInjectionTestExecutionListener, org.springframework.test.context.support.DirtiesContextTestExecutionListener, org.springframework.test.context.transaction.TransactionalTestExecutionListener, org.springframework.test.context.jdbc.SqlScriptsTestExecutionListener]
2019-07-18 16:19:08,212 INFO [org.springframework.test.context.support.DefaultTestContextBootstrapper] - Using TestExecutionListeners: [org.springframework.test.context.web.ServletTestExecutionListener@4f933fd1, org.springframework.test.context.support.DirtiesContextBeforeModesTestExecutionListener@548a9f61, org.springframework.test.context.support.DependencyInjectionTestExecutionListener@1753acfe, org.springframework.test.context.support.DirtiesContextTestExecutionListener@7c16905e, org.springframework.test.context.transaction.TransactionalTestExecutionListener@2a2d45ba, org.springframework.test.context.jdbc.SqlScriptsTestExecutionListener@2a5ca609]
2019-07-18 16:19:08,265 INFO [org.springframework.beans.factory.xml.XmlBeanDefinitionReader] - Loading XML bean definitions from class path resource [spring-context.xml]
2019-07-18 16:19:08,412 INFO [org.springframework.beans.factory.xml.XmlBeanDefinitionReader] - Loading XML bean definitions from class path resource [spring-context-druid.xml]
2019-07-18 16:19:08,438 INFO [org.springframework.beans.factory.xml.XmlBeanDefinitionReader] - Loading XML bean definitions from class path resource [spring-context-mybatis.xml]
2019-07-18 16:19:08,451 INFO [org.springframework.context.support.GenericApplicationContext] - Refreshing org.springframework.context.support.GenericApplicationContext@27c20538: startup date [Thu Jul 18 16:19:08 CST 2019]; root of context hierarchy
2019-07-18 16:19:09,008 INFO [com.alibaba.druid.pool.DruidDataSource] - {dataSource-1} inited
2019-07-18 16:19:09,307 INFO [org.springframework.context.support.GenericApplicationContext] - Closing org.springframework.context.support.GenericApplicationContext@27c20538: startup date [Thu Jul 18 16:19:08 CST 2019]; root of context hierarchy
2019-07-18 16:19:09,310 INFO [com.alibaba.druid.pool.DruidDataSource] - {dataSource-1} closed
2019-07-18 16:23:15,690 INFO [org.springframework.test.context.support.DefaultTestContextBootstrapper] - Loaded default TestExecutionListener class names from location [META-INF/spring.factories]: [org.springframework.test.context.web.ServletTestExecutionListener, org.springframework.test.context.support.DirtiesContextBeforeModesTestExecutionListener, org.springframework.test.context.support.DependencyInjectionTestExecutionListener, org.springframework.test.context.support.DirtiesContextTestExecutionListener, org.springframework.test.context.transaction.TransactionalTestExecutionListener, org.springframework.test.context.jdbc.SqlScriptsTestExecutionListener]
2019-07-18 16:23:15,703 INFO [org.springframework.test.context.support.DefaultTestContextBootstrapper] - Using TestExecutionListeners: [org.springframework.test.context.web.ServletTestExecutionListener@4f933fd1, org.springframework.test.context.support.DirtiesContextBeforeModesTestExecutionListener@548a9f61, org.springframework.test.context.support.DependencyInjectionTestExecutionListener@1753acfe, org.springframework.test.context.support.DirtiesContextTestExecutionListener@7c16905e, org.springframework.test.context.transaction.TransactionalTestExecutionListener@2a2d45ba, org.springframework.test.context.jdbc.SqlScriptsTestExecutionListener@2a5ca609]
2019-07-18 16:23:15,754 INFO [org.springframework.beans.factory.xml.XmlBeanDefinitionReader] - Loading XML bean definitions from class path resource [spring-context.xml]
2019-07-18 16:23:15,892 INFO [org.springframework.beans.factory.xml.XmlBeanDefinitionReader] - Loading XML bean definitions from class path resource [spring-context-druid.xml]
2019-07-18 16:23:15,916 INFO [org.springframework.beans.factory.xml.XmlBeanDefinitionReader] - Loading XML bean definitions from class path resource [spring-context-mybatis.xml]
2019-07-18 16:23:15,929 INFO [org.springframework.context.support.GenericApplicationContext] - Refreshing org.springframework.context.support.GenericApplicationContext@27c20538: startup date [Thu Jul 18 16:23:15 CST 2019]; root of context hierarchy
2019-07-18 16:23:16,491 INFO [com.alibaba.druid.pool.DruidDataSource] - {dataSource-1} inited
2019-07-18 16:23:16,767 INFO [org.springframework.context.support.GenericApplicationContext] - Closing org.springframework.context.support.GenericApplicationContext@27c20538: startup date [Thu Jul 18 16:23:15 CST 2019]; root of context hierarchy
2019-07-18 16:23:16,769 INFO [com.alibaba.druid.pool.DruidDataSource] - {dataSource-1} closed
2019-07-18 16:30:02,760 INFO [org.springframework.test.context.support.DefaultTestContextBootstrapper] - Loaded default TestExecutionListener class names from location [META-INF/spring.factories]: [org.springframework.test.context.web.ServletTestExecutionListener, org.springframework.test.context.support.DirtiesContextBeforeModesTestExecutionListener, org.springframework.test.context.support.DependencyInjectionTestExecutionListener, org.springframework.test.context.support.DirtiesContextTestExecutionListener, org.springframework.test.context.transaction.TransactionalTestExecutionListener, org.springframework.test.context.jdbc.SqlScriptsTestExecutionListener]
2019-07-18 16:30:02,775 INFO [org.springframework.test.context.support.DefaultTestContextBootstrapper] - Using TestExecutionListeners: [org.springframework.test.context.web.ServletTestExecutionListener@4f933fd1, org.springframework.test.context.support.DirtiesContextBeforeModesTestExecutionListener@548a9f61, org.springframework.test.context.support.DependencyInjectionTestExecutionListener@1753acfe, org.springframework.test.context.support.DirtiesContextTestExecutionListener@7c16905e, org.springframework.test.context.transaction.TransactionalTestExecutionListener@2a2d45ba, org.springframework.test.context.jdbc.SqlScriptsTestExecutionListener@2a5ca609]
2019-07-18 16:30:02,833 INFO [org.springframework.beans.factory.xml.XmlBeanDefinitionReader] - Loading XML bean definitions from class path resource [spring-context.xml]
2019-07-18 16:30:03,014 INFO [org.springframework.beans.factory.xml.XmlBeanDefinitionReader] - Loading XML bean definitions from class path resource [spring-context-druid.xml]
2019-07-18 16:30:03,038 INFO [org.springframework.beans.factory.xml.XmlBeanDefinitionReader] - Loading XML bean definitions from class path resource [spring-context-mybatis.xml]
2019-07-18 16:30:03,054 INFO [org.springframework.context.support.GenericApplicationContext] - Refreshing org.springframework.context.support.GenericApplicationContext@27c20538: startup date [Thu Jul 18 16:30:03 CST 2019]; root of context hierarchy
2019-07-18 16:30:03,733 INFO [com.alibaba.druid.pool.DruidDataSource] - {dataSource-1} inited
2019-07-18 16:30:04,042 INFO [org.springframework.context.support.GenericApplicationContext] - Closing org.springframework.context.support.GenericApplicationContext@27c20538: startup date [Thu Jul 18 16:30:03 CST 2019]; root of context hierarchy
2019-07-18 16:30:04,046 INFO [com.alibaba.druid.pool.DruidDataSource] - {dataSource-1} closed
2019-07-18 16:31:45,037 INFO [org.springframework.test.context.support.DefaultTestContextBootstrapper] - Loaded default TestExecutionListener class names from location [META-INF/spring.factories]: [org.springframework.test.context.web.ServletTestExecutionListener, org.springframework.test.context.support.DirtiesContextBeforeModesTestExecutionListener, org.springframework.test.context.support.DependencyInjectionTestExecutionListener, org.springframework.test.context.support.DirtiesContextTestExecutionListener, org.springframework.test.context.transaction.TransactionalTestExecutionListener, org.springframework.test.context.jdbc.SqlScriptsTestExecutionListener]
2019-07-18 16:31:45,051 INFO [org.springframework.test.context.support.DefaultTestContextBootstrapper] - Using TestExecutionListeners: [org.springframework.test.context.web.ServletTestExecutionListener@4f933fd1, org.springframework.test.context.support.DirtiesContextBeforeModesTestExecutionListener@548a9f61, org.springframework.test.context.support.DependencyInjectionTestExecutionListener@1753acfe, org.springframework.test.context.support.DirtiesContextTestExecutionListener@7c16905e, org.springframework.test.context.transaction.TransactionalTestExecutionListener@2a2d45ba, org.springframework.test.context.jdbc.SqlScriptsTestExecutionListener@2a5ca609]
2019-07-18 16:31:45,103 INFO [org.springframework.beans.factory.xml.XmlBeanDefinitionReader] - Loading XML bean definitions from class path resource [spring-context.xml]
2019-07-18 16:31:45,253 INFO [org.springframework.beans.factory.xml.XmlBeanDefinitionReader] - Loading XML bean definitions from class path resource [spring-context-druid.xml]
2019-07-18 16:31:45,284 INFO [org.springframework.beans.factory.xml.XmlBeanDefinitionReader] - Loading XML bean definitions from class path resource [spring-context-mybatis.xml]
2019-07-18 16:31:45,303 INFO [org.springframework.context.support.GenericApplicationContext] - Refreshing org.springframework.context.support.GenericApplicationContext@27c20538: startup date [Thu Jul 18 16:31:45 CST 2019]; root of context hierarchy
2019-07-18 16:31:45,919 INFO [com.alibaba.druid.pool.DruidDataSource] - {dataSource-1} inited
2019-07-18 16:31:46,231 INFO [org.springframework.context.support.GenericApplicationContext] - Closing org.springframework.context.support.GenericApplicationContext@27c20538: startup date [Thu Jul 18 16:31:45 CST 2019]; root of context hierarchy
2019-07-18 16:31:46,234 INFO [com.alibaba.druid.pool.DruidDataSource] - {dataSource-1} closed
2019-07-18 16:37:30,916 INFO [org.springframework.test.context.support.DefaultTestContextBootstrapper] - Loaded default TestExecutionListener class names from location [META-INF/spring.factories]: [org.springframework.test.context.web.ServletTestExecutionListener, org.springframework.test.context.support.DirtiesContextBeforeModesTestExecutionListener, org.springframework.test.context.support.DependencyInjectionTestExecutionListener, org.springframework.test.context.support.DirtiesContextTestExecutionListener, org.springframework.test.context.transaction.TransactionalTestExecutionListener, org.springframework.test.context.jdbc.SqlScriptsTestExecutionListener]
2019-07-18 16:37:30,934 INFO [org.springframework.test.context.support.DefaultTestContextBootstrapper] - Using TestExecutionListeners: [org.springframework.test.context.web.ServletTestExecutionListener@4f933fd1, org.springframework.test.context.support.DirtiesContextBeforeModesTestExecutionListener@548a9f61, org.springframework.test.context.support.DependencyInjectionTestExecutionListener@1753acfe, org.springframework.test.context.support.DirtiesContextTestExecutionListener@7c16905e, org.springframework.test.context.transaction.TransactionalTestExecutionListener@2a2d45ba, org.springframework.test.context.jdbc.SqlScriptsTestExecutionListener@2a5ca609]
2019-07-18 16:37:31,013 INFO [org.springframework.beans.factory.xml.XmlBeanDefinitionReader] - Loading XML bean definitions from class path resource [spring-context.xml]
2019-07-18 16:37:31,221 INFO [org.springframework.beans.factory.xml.XmlBeanDefinitionReader] - Loading XML bean definitions from class path resource [spring-context-druid.xml]
2019-07-18 16:37:31,277 INFO [org.springframework.beans.factory.xml.XmlBeanDefinitionReader] - Loading XML bean definitions from class path resource [spring-context-mybatis.xml]
2019-07-18 16:37:31,301 INFO [org.springframework.context.support.GenericApplicationContext] - Refreshing org.springframework.context.support.GenericApplicationContext@27c20538: startup date [Thu Jul 18 16:37:31 CST 2019]; root of context hierarchy
2019-07-18 16:37:32,066 INFO [com.alibaba.druid.pool.DruidDataSource] - {dataSource-1} inited
2019-07-18 16:37:32,414 INFO [org.springframework.context.support.GenericApplicationContext] - Closing org.springframework.context.support.GenericApplicationContext@27c20538: startup date [Thu Jul 18 16:37:31 CST 2019]; root of context hierarchy
2019-07-18 16:37:32,416 INFO [com.alibaba.druid.pool.DruidDataSource] - {dataSource-1} closed
2019-07-18 16:39:17,300 INFO [org.springframework.test.context.support.DefaultTestContextBootstrapper] - Loaded default TestExecutionListener class names from location [META-INF/spring.factories]: [org.springframework.test.context.web.ServletTestExecutionListener, org.springframework.test.context.support.DirtiesContextBeforeModesTestExecutionListener, org.springframework.test.context.support.DependencyInjectionTestExecutionListener, org.springframework.test.context.support.DirtiesContextTestExecutionListener, org.springframework.test.context.transaction.TransactionalTestExecutionListener, org.springframework.test.context.jdbc.SqlScriptsTestExecutionListener]
2019-07-18 16:39:17,314 INFO [org.springframework.test.context.support.DefaultTestContextBootstrapper] - Using TestExecutionListeners: [org.springframework.test.context.web.ServletTestExecutionListener@4f933fd1, org.springframework.test.context.support.DirtiesContextBeforeModesTestExecutionListener@548a9f61, org.springframework.test.context.support.DependencyInjectionTestExecutionListener@1753acfe, org.springframework.test.context.support.DirtiesContextTestExecutionListener@7c16905e, org.springframework.test.context.transaction.TransactionalTestExecutionListener@2a2d45ba, org.springframework.test.context.jdbc.SqlScriptsTestExecutionListener@2a5ca609]
2019-07-18 16:39:17,369 INFO [org.springframework.beans.factory.xml.XmlBeanDefinitionReader] - Loading XML bean definitions from class path resource [spring-context.xml]
2019-07-18 16:39:17,523 INFO [org.springframework.beans.factory.xml.XmlBeanDefinitionReader] - Loading XML bean definitions from class path resource [spring-context-druid.xml]
2019-07-18 16:39:17,549 INFO [org.springframework.beans.factory.xml.XmlBeanDefinitionReader] - Loading XML bean definitions from class path resource [spring-context-mybatis.xml]
2019-07-18 16:39:17,564 INFO [org.springframework.context.support.GenericApplicationContext] - Refreshing org.springframework.context.support.GenericApplicationContext@27c20538: startup date [Thu Jul 18 16:39:17 CST 2019]; root of context hierarchy
2019-07-18 16:39:18,247 INFO [com.alibaba.druid.pool.DruidDataSource] - {dataSource-1} inited
2019-07-18 16:39:18,665 INFO [org.springframework.context.support.GenericApplicationContext] - Closing org.springframework.context.support.GenericApplicationContext@27c20538: startup date [Thu Jul 18 16:39:17 CST 2019]; root of context hierarchy
2019-07-18 16:39:18,670 INFO [com.alibaba.druid.pool.DruidDataSource] - {dataSource-1} closed
2019-07-18 16:39:25,856 INFO [org.springframework.test.context.support.DefaultTestContextBootstrapper] - Loaded default TestExecutionListener class names from location [META-INF/spring.factories]: [org.springframework.test.context.web.ServletTestExecutionListener, org.springframework.test.context.support.DirtiesContextBeforeModesTestExecutionListener, org.springframework.test.context.support.DependencyInjectionTestExecutionListener, org.springframework.test.context.support.DirtiesContextTestExecutionListener, org.springframework.test.context.transaction.TransactionalTestExecutionListener, org.springframework.test.context.jdbc.SqlScriptsTestExecutionListener]
2019-07-18 16:39:25,871 INFO [org.springframework.test.context.support.DefaultTestContextBootstrapper] - Using TestExecutionListeners: [org.springframework.test.context.web.ServletTestExecutionListener@4f933fd1, org.springframework.test.context.support.DirtiesContextBeforeModesTestExecutionListener@548a9f61, org.springframework.test.context.support.DependencyInjectionTestExecutionListener@1753acfe, org.springframework.test.context.support.DirtiesContextTestExecutionListener@7c16905e, org.springframework.test.context.transaction.TransactionalTestExecutionListener@2a2d45ba, org.springframework.test.context.jdbc.SqlScriptsTestExecutionListener@2a5ca609]
2019-07-18 16:39:25,928 INFO [org.springframework.beans.factory.xml.XmlBeanDefinitionReader] - Loading XML bean definitions from class path resource [spring-context.xml]
2019-07-18 16:39:26,086 INFO [org.springframework.beans.factory.xml.XmlBeanDefinitionReader] - Loading XML bean definitions from class path resource [spring-context-druid.xml]
2019-07-18 16:39:26,114 INFO [org.springframework.beans.factory.xml.XmlBeanDefinitionReader] - Loading XML bean definitions from class path resource [spring-context-mybatis.xml]
2019-07-18 16:39:26,128 INFO [org.springframework.context.support.GenericApplicationContext] - Refreshing org.springframework.context.support.GenericApplicationContext@27c20538: startup date [Thu Jul 18 16:39:26 CST 2019]; root of context hierarchy
2019-07-18 16:39:26,829 INFO [com.alibaba.druid.pool.DruidDataSource] - {dataSource-1} inited
2019-07-18 16:39:27,194 INFO [org.springframework.beans.factory.xml.XmlBeanDefinitionReader] - Loading XML bean definitions from class path resource [org/springframework/jdbc/support/sql-error-codes.xml]
2019-07-18 16:39:27,214 INFO [org.springframework.jdbc.support.SQLErrorCodesFactory] - SQLErrorCodes loaded: [DB2, Derby, H2, HDB, HSQL, Informix, MS-SQL, MySQL, Oracle, PostgreSQL, Sybase]
2019-07-18 16:39:27,228 INFO [org.springframework.context.support.GenericApplicationContext] - Closing org.springframework.context.support.GenericApplicationContext@27c20538: startup date [Thu Jul 18 16:39:26 CST 2019]; root of context hierarchy
2019-07-18 16:39:27,231 INFO [com.alibaba.druid.pool.DruidDataSource] - {dataSource-1} closed
2019-07-18 16:42:57,970 INFO [org.springframework.test.context.support.DefaultTestContextBootstrapper] - Loaded default TestExecutionListener class names from location [META-INF/spring.factories]: [org.springframework.test.context.web.ServletTestExecutionListener, org.springframework.test.context.support.DirtiesContextBeforeModesTestExecutionListener, org.springframework.test.context.support.DependencyInjectionTestExecutionListener, org.springframework.test.context.support.DirtiesContextTestExecutionListener, org.springframework.test.context.transaction.TransactionalTestExecutionListener, org.springframework.test.context.jdbc.SqlScriptsTestExecutionListener]
2019-07-18 16:42:57,985 INFO [org.springframework.test.context.support.DefaultTestContextBootstrapper] - Using TestExecutionListeners: [org.springframework.test.context.web.ServletTestExecutionListener@4f933fd1, org.springframework.test.context.support.DirtiesContextBeforeModesTestExecutionListener@548a9f61, org.springframework.test.context.support.DependencyInjectionTestExecutionListener@1753acfe, org.springframework.test.context.support.DirtiesContextTestExecutionListener@7c16905e, org.springframework.test.context.transaction.TransactionalTestExecutionListener@2a2d45ba, org.springframework.test.context.jdbc.SqlScriptsTestExecutionListener@2a5ca609]
2019-07-18 16:42:58,037 INFO [org.springframework.beans.factory.xml.XmlBeanDefinitionReader] - Loading XML bean definitions from class path resource [spring-context.xml]
2019-07-18 16:42:58,237 INFO [org.springframework.beans.factory.xml.XmlBeanDefinitionReader] - Loading XML bean definitions from class path resource [spring-context-druid.xml]
2019-07-18 16:42:58,275 INFO [org.springframework.beans.factory.xml.XmlBeanDefinitionReader] - Loading XML bean definitions from class path resource [spring-context-mybatis.xml]
2019-07-18 16:42:58,303 INFO [org.springframework.context.support.GenericApplicationContext] - Refreshing org.springframework.context.support.GenericApplicationContext@27c20538: startup date [Thu Jul 18 16:42:58 CST 2019]; root of context hierarchy
2019-07-18 16:42:59,001 INFO [com.alibaba.druid.pool.DruidDataSource] - {dataSource-1} inited
2019-07-18 16:42:59,354 INFO [org.springframework.context.support.GenericApplicationContext] - Closing org.springframework.context.support.GenericApplicationContext@27c20538: startup date [Thu Jul 18 16:42:58 CST 2019]; root of context hierarchy
2019-07-18 16:42:59,356 INFO [com.alibaba.druid.pool.DruidDataSource] - {dataSource-1} closed
2019-07-18 16:43:05,560 INFO [org.springframework.test.context.support.DefaultTestContextBootstrapper] - Loaded default TestExecutionListener class names from location [META-INF/spring.factories]: [org.springframework.test.context.web.ServletTestExecutionListener, org.springframework.test.context.support.DirtiesContextBeforeModesTestExecutionListener, org.springframework.test.context.support.DependencyInjectionTestExecutionListener, org.springframework.test.context.support.DirtiesContextTestExecutionListener, org.springframework.test.context.transaction.TransactionalTestExecutionListener, org.springframework.test.context.jdbc.SqlScriptsTestExecutionListener]
2019-07-18 16:43:05,573 INFO [org.springframework.test.context.support.DefaultTestContextBootstrapper] - Using TestExecutionListeners: [org.springframework.test.context.web.ServletTestExecutionListener@4f933fd1, org.springframework.test.context.support.DirtiesContextBeforeModesTestExecutionListener@548a9f61, org.springframework.test.context.support.DependencyInjectionTestExecutionListener@1753acfe, org.springframework.test.context.support.DirtiesContextTestExecutionListener@7c16905e, org.springframework.test.context.transaction.TransactionalTestExecutionListener@2a2d45ba, org.springframework.test.context.jdbc.SqlScriptsTestExecutionListener@2a5ca609]
2019-07-18 16:43:05,625 INFO [org.springframework.beans.factory.xml.XmlBeanDefinitionReader] - Loading XML bean definitions from class path resource [spring-context.xml]
2019-07-18 16:43:05,767 INFO [org.springframework.beans.factory.xml.XmlBeanDefinitionReader] - Loading XML bean definitions from class path resource [spring-context-druid.xml]
2019-07-18 16:43:05,789 INFO [org.springframework.beans.factory.xml.XmlBeanDefinitionReader] - Loading XML bean definitions from class path resource [spring-context-mybatis.xml]
2019-07-18 16:43:05,803 INFO [org.springframework.context.support.GenericApplicationContext] - Refreshing org.springframework.context.support.GenericApplicationContext@27c20538: startup date [Thu Jul 18 16:43:05 CST 2019]; root of context hierarchy
2019-07-18 16:43:06,373 INFO [com.alibaba.druid.pool.DruidDataSource] - {dataSource-1} inited
2019-07-18 16:43:06,674 INFO [org.springframework.context.support.GenericApplicationContext] - Closing org.springframework.context.support.GenericApplicationContext@27c20538: startup date [Thu Jul 18 16:43:05 CST 2019]; root of context hierarchy
2019-07-18 16:43:06,676 INFO [com.alibaba.druid.pool.DruidDataSource] - {dataSource-1} closed
2019-07-18 17:19:21,969 INFO [org.springframework.test.context.support.DefaultTestContextBootstrapper] - Loaded default TestExecutionListener class names from location [META-INF/spring.factories]: [org.springframework.test.context.web.ServletTestExecutionListener, org.springframework.test.context.support.DirtiesContextBeforeModesTestExecutionListener, org.springframework.test.context.support.DependencyInjectionTestExecutionListener, org.springframework.test.context.support.DirtiesContextTestExecutionListener, org.springframework.test.context.transaction.TransactionalTestExecutionListener, org.springframework.test.context.jdbc.SqlScriptsTestExecutionListener]
2019-07-18 17:19:21,983 INFO [org.springframework.test.context.support.DefaultTestContextBootstrapper] - Using TestExecutionListeners: [org.springframework.test.context.web.ServletTestExecutionListener@4f933fd1, org.springframework.test.context.support.DirtiesContextBeforeModesTestExecutionListener@548a9f61, org.springframework.test.context.support.DependencyInjectionTestExecutionListener@1753acfe, org.springframework.test.context.support.DirtiesContextTestExecutionListener@7c16905e, org.springframework.test.context.transaction.TransactionalTestExecutionListener@2a2d45ba, org.springframework.test.context.jdbc.SqlScriptsTestExecutionListener@2a5ca609]
2019-07-18 17:19:22,034 INFO [org.springframework.beans.factory.xml.XmlBeanDefinitionReader] - Loading XML bean definitions from class path resource [spring-context.xml]
2019-07-18 17:19:22,174 INFO [org.springframework.beans.factory.xml.XmlBeanDefinitionReader] - Loading XML bean definitions from class path resource [spring-context-druid.xml]
2019-07-18 17:19:22,195 INFO [org.springframework.beans.factory.xml.XmlBeanDefinitionReader] - Loading XML bean definitions from class path resource [spring-context-mybatis.xml]
2019-07-18 17:19:22,208 INFO [org.springframework.context.support.GenericApplicationContext] - Refreshing org.springframework.context.support.GenericApplicationContext@27c20538: startup date [Thu Jul 18 17:19:22 CST 2019]; root of context hierarchy
2019-07-18 17:19:22,759 INFO [com.alibaba.druid.pool.DruidDataSource] - {dataSource-1} inited
2019-07-18 17:19:22,980 INFO [org.springframework.context.support.GenericApplicationContext] - Closing org.springframework.context.support.GenericApplicationContext@27c20538: startup date [Thu Jul 18 17:19:22 CST 2019]; root of context hierarchy
2019-07-18 17:19:22,983 INFO [com.alibaba.druid.pool.DruidDataSource] - {dataSource-1} closed
